
  Memory set to   1.863 GiB by Python driver.

Scratch directory: /tmp/
   => Libint2 <=

    Primary   basis highest AM E, G, H:  6, 6, 3
    Auxiliary basis highest AM E, G, H:  7, 7, 4
    Onebody   basis highest AM E, G, H:  -, -, -
    Solid Harmonics ordering:            Gaussian

*** tstart() called on batserver
*** at Sat Dec 13 11:23:34 2025

   => Loading Basis Set <=

    Name: DEF2-SVP
    Role: ORBITAL
    Keyword: BASIS
    atoms 1-3 entry O          line   130 file /home/lky/miniconda3/envs/psi4/share/psi4/basis/def2-svp.gbs 


         ---------------------------------------------------------
                                   SCF
               by Justin Turney, Rob Parrish, Andy Simmonett
                          and Daniel G. A. Smith
                              UKS Reference
                       32 Threads,   1907 MiB Core
         ---------------------------------------------------------

  ==> Geometry <==

    Molecular point group: cs
    Full point group: Cs

    Geometry (in Angstrom), charge = 0, multiplicity = 1:

       Center              X                  Y                   Z               Mass       
    ------------   -----------------  -----------------  -----------------  -----------------
         O           -0.242559811404    -0.343298744946     0.000000000000    15.994914619570
         O            0.987481567522    -0.440551712854     0.000000000000    15.994914619570
         O           -0.744921756118     0.783850457800     0.000000000000    15.994914619570

  Running in cs symmetry.

  Rotational constants: A =      3.97661  B =      0.46838  C =      0.41902 [cm^-1]
  Rotational constants: A = 119215.79441  B =  14041.57724  C =  12561.99012 [MHz]
  Nuclear repulsion =   70.856859070655446

  Charge       = 0
  Multiplicity = 1
  Electrons    = 24
  Nalpha       = 12
  Nbeta        = 12

  ==> Algorithm <==

  SCF Algorithm Type is DF.
  DIIS enabled.
  MOM disabled.
  Fractional occupation disabled.
  Guess Type is SAD.
  Energy threshold   = 1.00e-08
  Density threshold  = 1.00e-08
  Integral threshold = 1.00e-12

  ==> Primary Basis <==

  Basis Set: DEF2-SVP
    Blend: DEF2-SVP
    Number of shells: 18
    Number of basis functions: 42
    Number of Cartesian functions: 45
    Spherical Harmonics?: true
    Max angular momentum: 2

  ==> DFT Potential <==

   => LibXC <=

    Version 7.0.0
    S. Lehtola, C. Steigemann, M. J.T. Oliveira, and M. A.L. Marques.,  SoftwareX 7, 1–5 (2018) (10.1016/j.softx.2017.11.002)

   => Composite Functional: PBE0 <= 

    PBE0 Hyb-GGA Exchange-Correlation Functional

    C. Adamo and V. Barone.,  J. Chem. Phys. 110, 6158 (1999) (10.1063/1.478522)
    M. Ernzerhof and G. E. Scuseria.,  J. Chem. Phys. 110, 5029 (1999) (10.1063/1.478401)

    Deriv               =              1
    GGA                 =           TRUE
    Meta                =          FALSE

    Exchange Hybrid     =           TRUE
    MP2 Hybrid          =          FALSE

   => Exchange Functionals <=

    0.7500   Perdew, Burke & Ernzerhof

   => Exact (HF) Exchange <=

    0.2500               HF 

   => Correlation Functionals <=

    1.0000   Perdew, Burke & Ernzerhof

   => LibXC Density Thresholds  <==

    XC_HYB_GGA_XC_PBEH:  1.00E-15 

   => Molecular Quadrature <=

    Radial Scheme          =       TREUTLER
    Pruning Scheme         =           NONE
    Nuclear Scheme         =       TREUTLER

    Blocking Scheme        =         OCTREE
    BS radius alpha        =              1
    Pruning alpha          =              1
    Radial Points          =             75
    Spherical Points       =            302
    Total Points           =          62297
    Total Blocks           =            536
    Max Points             =            256
    Max Functions          =             42
    Weights Tolerance      =       1.00E-15

   => Loading Basis Set <=

    Name: (DEF2-SVP AUX)
    Role: JKFIT
    Keyword: DF_BASIS_SCF
    atoms 1-3 entry O          line   318 file /home/lky/miniconda3/envs/psi4/share/psi4/basis/def2-universal-jkfit.gbs 

  ==> Integral Setup <==

  DFHelper Memory: AOs need 0.004 GiB; user supplied 1.327 GiB. 
  SCF_SUBTYPE=INCORE selected. In-core MEM_DF algorithm will be used.
  Using in-core AOs.

  ==> MemDFJK: Density-Fitted J/K Matrices <==

    J tasked:                   Yes
    K tasked:                   Yes
    wK tasked:                   No
    OpenMP threads:              32
    Memory [MiB]:              1358
    Algorithm:                 Core
    Schwarz Cutoff:           1E-12
    Mask sparsity (%):       0.1134
    Fitting Condition:        1E-10

   => Auxiliary Basis Set <=

  Basis Set: (DEF2-SVP AUX)
    Blend: DEF2-UNIVERSAL-JKFIT
    Number of shells: 75
    Number of basis functions: 231
    Number of Cartesian functions: 279
    Spherical Harmonics?: true
    Max angular momentum: 4

  Cached 100.0% of DFT collocation blocks in 0.070 [GiB].

  Minimum eigenvalue in the overlap matrix is 1.1234801678E-02.
  Reciprocal condition number of the overlap matrix is 3.2069761216E-03.
    Using symmetric orthogonalization.

  ==> Pre-Iterations <==

  SCF Guess: Superposition of Atomic Densities via on-the-fly atomic UHF (no occupation information).

   -------------------------
    Irrep   Nso     Nmo    
   -------------------------
     A'        30      30 
     A"        12      12 
   -------------------------
    Total      42      42
   -------------------------

  ==> Iterations <==

                           Total Energy        Delta E     RMS |[F,P]|

   @DF-UKS iter SAD:  -225.53959281653295   -2.25540e+02   0.00000e+00 
   @DF-UKS iter   1:  -224.10403791493999    1.43555e+00   4.60990e-02 DIIS/ADIIS
   @DF-UKS iter   2:  -223.10758764504956    9.96450e-01   6.97509e-02 DIIS/ADIIS
   @DF-UKS iter   3:  -224.97092548588824   -1.86334e+00   8.20201e-03 DIIS/ADIIS
   @DF-UKS iter   4:  -224.99112050664297   -2.01950e-02   4.51737e-03 DIIS/ADIIS
   @DF-UKS iter   5:  -224.99813959588056   -7.01909e-03   7.51514e-04 DIIS/ADIIS
   @DF-UKS iter   6:  -224.99830365312573   -1.64057e-04   4.39979e-04 DIIS/ADIIS
   @DF-UKS iter   7:  -224.99838102708844   -7.73740e-05   1.33948e-05 DIIS
   @DF-UKS iter   8:  -224.99838109221014   -6.51217e-08   3.00688e-06 DIIS
   @DF-UKS iter   9:  -224.99838109552994   -3.31980e-09   2.11627e-07 DIIS
   @DF-UKS iter  10:  -224.99838109555327   -2.33342e-11   2.29017e-08 DIIS
   @DF-UKS iter  11:  -224.99838109555373   -4.54747e-13   3.00238e-09 DIIS
  Energy and wave function converged.


  ==> Post-Iterations <==

   Electrons on quadrature grid:
      Nalpha   =   11.9999982991 ; deviation = -1.701e-06
      Nbeta    =   11.9999982991 ; deviation = -1.701e-06
      Ntotal   =   23.9999965982 ; deviation = -3.402e-06 

   @Spin Contamination Metric:  -3.552713679E-15
   @S^2 Expected:                0.000000000E+00
   @S^2 Observed:               -3.552713679E-15
   @S   Expected:                0.000000000E+00
   @S   Observed:                0.000000000E+00

    Orbital Energies [Eh]
    ---------------------

    Alpha Occupied:                                                       

       1Ap   -19.510145     2Ap   -19.319630     3Ap   -19.319498  
       4Ap    -1.422604     5Ap    -1.139972     6Ap    -0.779070  
       1App   -0.638933     7Ap    -0.622229     8Ap    -0.608502  
       2App   -0.377203     9Ap    -0.362472    10Ap    -0.347074  

    Alpha Virtual:                                                        

       3App   -0.170914    11Ap     0.136101    12Ap     0.226256  
      13Ap     0.684246     4App    0.807240    14Ap     0.822227  
      15Ap     0.822809    16Ap     0.862969    17Ap     0.915844  
       5App    0.946142     6App    0.985044    18Ap     0.999651  
      19Ap     1.073831    20Ap     1.194700    21Ap     1.219589  
       7App    1.955788    22Ap     2.045999     8App    2.135202  
      23Ap     2.504021    24Ap     2.508892     9App    2.554618  
      10App    2.573889    25Ap     2.603808    26Ap     2.720060  
      27Ap     2.877504    11App    3.121116    12App    3.305009  
      28Ap     3.360791    29Ap     3.784153    30Ap     3.862889  

    Beta Occupied:                                                        

       1Ap   -19.510145     2Ap   -19.319630     3Ap   -19.319498  
       4Ap    -1.422604     5Ap    -1.139972     6Ap    -0.779070  
       1App   -0.638933     7Ap    -0.622229     8Ap    -0.608502  
       2App   -0.377203     9Ap    -0.362472    10Ap    -0.347074  

    Beta Virtual:                                                         

       3App   -0.170914    11Ap     0.136101    12Ap     0.226256  
      13Ap     0.684246     4App    0.807240    14Ap     0.822227  
      15Ap     0.822809    16Ap     0.862969    17Ap     0.915844  
       5App    0.946142     6App    0.985044    18Ap     0.999651  
      19Ap     1.073831    20Ap     1.194700    21Ap     1.219589  
       7App    1.955788    22Ap     2.045999     8App    2.135202  
      23Ap     2.504021    24Ap     2.508892     9App    2.554618  
      10App    2.573889    25Ap     2.603808    26Ap     2.720060  
      27Ap     2.877504    11App    3.121116    12App    3.305009  
      28Ap     3.360791    29Ap     3.784153    30Ap     3.862889  

    Final Occupation by Irrep:
             Ap   App 
    DOCC [    10,    2 ]
    SOCC [     0,    0 ]
    NA   [    10,    2 ]
    NB   [    10,    2 ]

  @DF-UKS Final Energy:  -224.99838109555373

   => Energetics <=

    Nuclear Repulsion Energy =             70.8568590706554460
    One-Electron Energy =                -449.1076696986673369
    Two-Electron Energy =                 172.4682452595268103
    DFT Exchange-Correlation Energy =     -19.2158157270686303
    Empirical Dispersion Energy =           0.0000000000000000
    VV10 Nonlocal Energy =                  0.0000000000000000
    Total Energy =                       -224.9983810955537251

  UHF NO Occupations:
  HONO-2 :    8 Ap 2.0000000
  HONO-1 :    9 Ap 2.0000000
  HONO-0 :   10 Ap 2.0000000
  LUNO+0 :   11 Ap 0.0000000
  LUNO+1 :   12 Ap 0.0000000
  LUNO+2 :    3App 0.0000000
  LUNO+3 :   13 Ap 0.0000000


Computation Completed


Properties will be evaluated at   0.000000,   0.000000,   0.000000 [a0]

Properties computed using the SCF density matrix


 Multipole Moments:

 ------------------------------------------------------------------------------------
     Multipole            Electronic (a.u.)      Nuclear  (a.u.)        Total (a.u.)
 ------------------------------------------------------------------------------------

 L = 1.  Multiply by 2.5417464519 to convert [e a0] to [Debye]
 Dipole X            :         -0.1479180            0.0000000           -0.1479180
 Dipole Y            :         -0.2096964            0.0000000           -0.2096964
 Dipole Z            :          0.0000000            0.0000000            0.0000000
 Magnitude           :                                                    0.2566170

 ------------------------------------------------------------------------------------

*** tstop() called on batserver at Sat Dec 13 11:23:35 2025
Module time:
	user time   =      20.71 seconds =       0.35 minutes
	system time =       1.51 seconds =       0.03 minutes
	total time  =          1 seconds =       0.02 minutes
Total time:
	user time   =      20.71 seconds =       0.35 minutes
	system time =       1.51 seconds =       0.03 minutes
	total time  =          1 seconds =       0.02 minutes
