
  Memory set to   1.863 GiB by Python driver.

Scratch directory: /tmp/
   => Libint2 <=

    Primary   basis highest AM E, G, H:  6, 6, 3
    Auxiliary basis highest AM E, G, H:  7, 7, 4
    Onebody   basis highest AM E, G, H:  -, -, -
    Solid Harmonics ordering:            Gaussian

*** tstart() called on batserver
*** at Thu Dec 18 23:09:33 2025

   => Loading Basis Set <=

    Name: DEF2-SVP
    Role: ORBITAL
    Keyword: BASIS
    atoms 1, 4     entry C          line    90 file /home/lky/miniconda3/envs/psi4/share/psi4/basis/def2-svp.gbs 
    atoms 2-3, 5-6 entry H          line    15 file /home/lky/miniconda3/envs/psi4/share/psi4/basis/def2-svp.gbs 


         ---------------------------------------------------------
                                   SCF
               by Justin Turney, Rob Parrish, Andy Simmonett
                          and Daniel G. A. Smith
                              UKS Reference
                       32 Threads,   1907 MiB Core
         ---------------------------------------------------------

  ==> Geometry <==

    Molecular point group: c2v
    Full point group: D2d

    Geometry (in Angstrom), charge = 0, multiplicity = 3:

       Center              X                  Y                   Z               Mass       
    ------------   -----------------  -----------------  -----------------  -----------------
         C            0.000000000000     0.000000000000     0.723317000000    12.000000000000
         H           -0.000000000000     0.933011000000     1.302299000000     1.007825032230
         H            0.000000000000    -0.933011000000     1.302299000000     1.007825032230
         C            0.000000000000     0.000000000000    -0.723317000000    12.000000000000
         H            0.933011000000     0.000000000000    -1.302299000000     1.007825032230
         H           -0.933011000000    -0.000000000000    -1.302299000000     1.007825032230

  Running in c2v symmetry.

  Rotational constants: A =      4.80372  B =      0.79712  C =      0.79712 [cm^-1]
  Rotational constants: A = 144011.95261  B =  23897.07055  C =  23897.07055 [MHz]
  Nuclear repulsion =   31.721770983867920

  Charge       = 0
  Multiplicity = 3
  Electrons    = 16
  Nalpha       = 9
  Nbeta        = 7

  ==> Algorithm <==

  SCF Algorithm Type is DF.
  DIIS enabled.
  MOM disabled.
  Fractional occupation disabled.
  Guess Type is SAD.
  Energy threshold   = 1.00e-08
  Density threshold  = 1.00e-08
  Integral threshold = 1.00e-12

  ==> Primary Basis <==

  Basis Set: DEF2-SVP
    Blend: DEF2-SVP
    Number of shells: 24
    Number of basis functions: 48
    Number of Cartesian functions: 50
    Spherical Harmonics?: true
    Max angular momentum: 2

  ==> DFT Potential <==

   => LibXC <=

    Version 7.0.0
    S. Lehtola, C. Steigemann, M. J.T. Oliveira, and M. A.L. Marques.,  SoftwareX 7, 1–5 (2018) (10.1016/j.softx.2017.11.002)

   => Composite Functional: PBE0 <= 

    PBE0 Hyb-GGA Exchange-Correlation Functional

    C. Adamo and V. Barone.,  J. Chem. Phys. 110, 6158 (1999) (10.1063/1.478522)
    M. Ernzerhof and G. E. Scuseria.,  J. Chem. Phys. 110, 5029 (1999) (10.1063/1.478401)

    Deriv               =              1
    GGA                 =           TRUE
    Meta                =          FALSE

    Exchange Hybrid     =           TRUE
    MP2 Hybrid          =          FALSE

   => Exchange Functionals <=

    0.7500   Perdew, Burke & Ernzerhof

   => Exact (HF) Exchange <=

    0.2500               HF 

   => Correlation Functionals <=

    1.0000   Perdew, Burke & Ernzerhof

   => LibXC Density Thresholds  <==

    XC_HYB_GGA_XC_PBEH:  1.00E-15 

   => Molecular Quadrature <=

    Radial Scheme          =       TREUTLER
    Pruning Scheme         =           NONE
    Nuclear Scheme         =       TREUTLER

    Blocking Scheme        =         OCTREE
    BS radius alpha        =              1
    Pruning alpha          =              1
    Radial Points          =             75
    Spherical Points       =            302
    Total Points           =         130456
    Total Blocks           =           1058
    Max Points             =            256
    Max Functions          =             48
    Weights Tolerance      =       1.00E-15

   => Loading Basis Set <=

    Name: (DEF2-SVP AUX)
    Role: JKFIT
    Keyword: DF_BASIS_SCF
    atoms 1, 4     entry C          line   198 file /home/lky/miniconda3/envs/psi4/share/psi4/basis/def2-universal-jkfit.gbs 
    atoms 2-3, 5-6 entry H          line    18 file /home/lky/miniconda3/envs/psi4/share/psi4/basis/def2-universal-jkfit.gbs 

  ==> Integral Setup <==

  DFHelper Memory: AOs need 0.005 GiB; user supplied 1.223 GiB. 
  SCF_SUBTYPE=INCORE selected. In-core MEM_DF algorithm will be used.
  Using in-core AOs.

  ==> MemDFJK: Density-Fitted J/K Matrices <==

    J tasked:                   Yes
    K tasked:                   Yes
    wK tasked:                   No
    OpenMP threads:              32
    Memory [MiB]:              1251
    Algorithm:                 Core
    Schwarz Cutoff:           1E-12
    Mask sparsity (%):       0.0000
    Fitting Condition:        1E-10

   => Auxiliary Basis Set <=

  Basis Set: (DEF2-SVP AUX)
    Blend: DEF2-UNIVERSAL-JKFIT
    Number of shells: 74
    Number of basis functions: 222
    Number of Cartesian functions: 258
    Spherical Harmonics?: true
    Max angular momentum: 4

  Cached 100.0% of DFT collocation blocks in 0.174 [GiB].

  Minimum eigenvalue in the overlap matrix is 6.3270708499E-03.
  Reciprocal condition number of the overlap matrix is 1.4472176848E-03.
    Using symmetric orthogonalization.

  ==> Pre-Iterations <==

  SCF Guess: Superposition of Atomic Densities via on-the-fly atomic UHF (no occupation information).

   -------------------------
    Irrep   Nso     Nmo    
   -------------------------
     A1        22      22 
     A2         4       4 
     B1        11      11 
     B2        11      11 
   -------------------------
    Total      48      48
   -------------------------

  ==> Iterations <==

                           Total Energy        Delta E     RMS |[F,P]|

   @DF-UKS iter SAD:   -77.37296865286889   -7.73730e+01   0.00000e+00 
    Occupation by irrep:
             A1    A2    B1    B2 
    DOCC [     5,    0,    1,    1 ]
    SOCC [     0,    0,    1,    1 ]
    NA   [     5,    0,    2,    2 ]
    NB   [     5,    0,    1,    1 ]

   @DF-UKS iter   1:   -76.14165567836049    1.23131e+00   5.17673e-02 DIIS/ADIIS
   @DF-UKS iter   2:   -76.84483453080665   -7.03179e-01   5.63531e-02 DIIS/ADIIS
   @DF-UKS iter   3:   -78.32028923409341   -1.47545e+00   4.47340e-03 DIIS/ADIIS
   @DF-UKS iter   4:   -78.32811926137373   -7.83003e-03   7.73295e-04 DIIS/ADIIS
   @DF-UKS iter   5:   -78.32843587699050   -3.16616e-04   2.01824e-04 DIIS/ADIIS
   @DF-UKS iter   6:   -78.32845749882577   -2.16218e-05   2.66326e-05 DIIS
   @DF-UKS iter   7:   -78.32845825243541   -7.53610e-07   2.73640e-06 DIIS
   @DF-UKS iter   8:   -78.32845825842908   -5.99367e-09   4.63920e-07 DIIS
   @DF-UKS iter   9:   -78.32845825854426   -1.15179e-10   6.78245e-08 DIIS
   @DF-UKS iter  10:   -78.32845825854659   -2.33058e-12   7.61193e-09 DIIS
  Energy and wave function converged.


  ==> Post-Iterations <==

   Electrons on quadrature grid:
      Nalpha   =    8.9999938468 ; deviation = -6.153e-06
      Nbeta    =    7.0000016136 ; deviation = 1.614e-06
      Ntotal   =   15.9999954604 ; deviation = -4.540e-06 

   @Spin Contamination Metric:   4.775155322E-03
   @S^2 Expected:                2.000000000E+00
   @S^2 Observed:                2.004775155E+00
   @S   Expected:                1.000000000E+00
   @S   Observed:                1.000000000E+00

    Orbital Energies [Eh]
    ---------------------

    Alpha Occupied:                                                       

       1A1   -10.247818     2A1   -10.247600     3A1    -0.775023  
       4A1    -0.613686     1B2    -0.446750     1B1    -0.446750  
       5A1    -0.429741     2B1    -0.227345     2B2    -0.227345  

    Alpha Virtual:                                                        

       6A1     0.097767     7A1     0.104063     3B2     0.153481  
       3B1     0.153481     8A1     0.278444     9A1     0.425960  
      10A1     0.482965     4B1     0.502935     4B2     0.502935  
      11A1     0.506535     5B2     0.594493     5B1     0.594493  
      12A1     0.629933    13A1     0.669049     6B2     0.703961  
       6B1     0.703961    14A1     0.749181     1A2     1.173707  
       2A2     1.218897     7B1     1.491588     7B2     1.491588  
      15A1     1.614866     8B2     1.624406     8B1     1.624406  
      16A1     1.647791     9B1     1.837051     9B2     1.837051  
      17A1     1.865870    18A1     2.078256     3A2     2.078955  
      10B2     2.278938    10B1     2.278938     4A2     2.307992  
      19A1     2.315588    20A1     2.688383    21A1     2.839240  
      22A1     2.897059    11B2     2.977547    11B1     2.977547  

    Beta Occupied:                                                        

       1A1   -10.233187     2A1   -10.232941     3A1    -0.723243  
       4A1    -0.570844     1B2    -0.419371     1B1    -0.419371  
       5A1    -0.409915  

    Beta Virtual:                                                         

       2B1    -0.040982     2B2    -0.040982     6A1     0.116673  
       7A1     0.120173     3B2     0.165303     3B1     0.165303  
       8A1     0.299470     9A1     0.444504    10A1     0.510725  
      11A1     0.547546     4B1     0.576734     4B2     0.576734  
       5B1     0.623799     5B2     0.623799    12A1     0.663778  
      13A1     0.693940     6B2     0.717727     6B1     0.717727  
      14A1     0.766851     1A2     1.212419     2A2     1.253280  
       7B1     1.517174     7B2     1.517174    15A1     1.625910  
       8B2     1.639403     8B1     1.639403    16A1     1.685845  
       9B1     1.860822     9B2     1.860822    17A1     1.954481  
      18A1     2.117764     3A2     2.128912    10B2     2.315381  
      10B1     2.315381    19A1     2.326359     4A2     2.365465  
      20A1     2.711709    21A1     2.852055    22A1     2.919612  
      11B2     2.997423    11B1     2.997423  

    Final Occupation by Irrep:
             A1    A2    B1    B2 
    DOCC [     5,    0,    1,    1 ]
    SOCC [     0,    0,    1,    1 ]
    NA   [     5,    0,    2,    2 ]
    NB   [     5,    0,    1,    1 ]

  @DF-UKS Final Energy:   -78.32845825854659

   => Energetics <=

    Nuclear Repulsion Energy =             31.7217709838679198
    One-Electron Energy =                -166.8398384310890776
    Two-Electron Energy =                  66.0067970231361159
    DFT Exchange-Correlation Energy =      -9.2171878344615426
    Empirical Dispersion Energy =           0.0000000000000000
    VV10 Nonlocal Energy =                  0.0000000000000000
    Total Energy =                        -78.3284582585465898

  UHF NO Occupations:
  HONO-2 :    5 A1 1.9986384
  HONO-1 :    2 B1 1.0000000
  HONO-0 :    2 B2 1.0000000
  LUNO+0 :    6 A1 0.0013616
  LUNO+1 :    7 A1 0.0007639
  LUNO+2 :    3 B1 0.0001052
  LUNO+3 :    3 B2 0.0001052


Computation Completed


Properties will be evaluated at   0.000000,   0.000000,   0.000000 [a0]

Properties computed using the SCF density matrix


 Multipole Moments:

 ------------------------------------------------------------------------------------
     Multipole            Electronic (a.u.)      Nuclear  (a.u.)        Total (a.u.)
 ------------------------------------------------------------------------------------

 L = 1.  Multiply by 2.5417464519 to convert [e a0] to [Debye]
 Dipole X            :          0.0000000            0.0000000            0.0000000
 Dipole Y            :          0.0000000            0.0000000            0.0000000
 Dipole Z            :         -0.0000000            0.0000000           -0.0000000
 Magnitude           :                                                    0.0000000

 ------------------------------------------------------------------------------------

*** tstop() called on batserver at Thu Dec 18 23:09:34 2025
Module time:
	user time   =      31.40 seconds =       0.52 minutes
	system time =       2.13 seconds =       0.04 minutes
	total time  =          1 seconds =       0.02 minutes
Total time:
	user time   =      31.40 seconds =       0.52 minutes
	system time =       2.13 seconds =       0.04 minutes
	total time  =          1 seconds =       0.02 minutes
